2023-08-05T10:45:30+00:00 CRITICAL Uncaught LEClient\Exceptions\LEFunctionsException: Could not generate key pair! Check your OpenSSL configuration. OpenSSL Error: 
error:80000003:system library::No such process
error:10000080:BIO routines::no such file
error:07000072:configuration file routines::no such file
error:80000003:system library::No such process
error:10000080:BIO routines::no such file
error:07000072:configuration file routines::no such file
 in C:\xampp\htdocs\bulgogi\wp-content\plugins\wp-free-ssl\lib\classes\LEClient\Exceptions\LEFunctionsException.php:51
Stack trace:
#0 C:\xampp\htdocs\bulgogi\wp-content\plugins\wp-free-ssl\lib\classes\LEClient\LEFunctions.php(65): LEClient\Exceptions\LEFunctionsException::GenerateKeypairException('Could not gener...')
#1 C:\xampp\htdocs\bulgogi\wp-content\plugins\wp-free-ssl\lib\classes\LEClient\LEAccount.php(77): LEClient\LEFunctions::RSAGenerateKeys(NULL, 'C:\\xampp\\htdocs...', 'C:\\xampp\\htdocs...')
#2 C:\xampp\htdocs\bulgogi\wp-content\plugins\wp-free-ssl\lib\classes\LEClient\LEClient.php(156): LEClient\LEAccount->__construct(Object(LEClient\LEConnector), false, Array, Array)
#3 C:\xampp\htdocs\bulgogi\wp-content\plugins\wp-free-ssl\lib\classes\wpssl_ssl.php(30): LEClient\LEClient->__construct(Array, false, false, 'C:\\xampp\\htdocs...')
#4 C:\xampp\htdocs\bulgogi\wp-content\plugins\wp-free-ssl\lib\classes\wpssl_ssl.php(39): WPSSL_SSL->getClient()
#5 C:\xampp\htdocs\bulgogi\wp-content\plugins\wp-free-ssl\wp-free-ssl.php(391): WPSSL_SSL->generateOrder()
#6 C:\xampp\htdocs\bulgogi\wp-includes\class-wp-hook.php(308): wpssl_ssl_order('')
#7 C:\xampp\htdocs\bulgogi\wp-includes\class-wp-hook.php(332): WP_Hook->apply_filters('', Array)
#8 C:\xampp\htdocs\bulgogi\wp-includes\plugin.php(517): WP_Hook->do_action(Array)
#9 C:\xampp\htdocs\bulgogi\wp-admin\admin-ajax.php(188): do_action('wp_ajax_wpssl_g...')
#10 {main}
  thrown in C:\xampp\htdocs\bulgogi\wp-content\plugins\wp-free-ssl\lib\classes\LEClient\Exceptions\LEFunctionsException.php on line 51

2023-08-05T10:45:30+00:00 CRITICAL Uncaught LEClient\Exceptions\LEFunctionsException: Could not generate key pair! Check your OpenSSL configuration. OpenSSL Error: 
error:80000003:system library::No such process
error:10000080:BIO routines::no such file
error:07000072:configuration file routines::no such file
error:80000003:system library::No such process
error:10000080:BIO routines::no such file
error:07000072:configuration file routines::no such file
 in C:\xampp\htdocs\bulgogi\wp-content\plugins\wp-free-ssl\lib\classes\LEClient\Exceptions\LEFunctionsException.php:51
Stack trace:
#0 C:\xampp\htdocs\bulgogi\wp-content\plugins\wp-free-ssl\lib\classes\LEClient\LEFunctions.php(65): LEClient\Exceptions\LEFunctionsException::GenerateKeypairException('Could not gener...')
#1 C:\xampp\htdocs\bulgogi\wp-content\plugins\wp-free-ssl\lib\classes\LEClient\LEAccount.php(77): LEClient\LEFunctions::RSAGenerateKeys(NULL, 'C:\\xampp\\htdocs...', 'C:\\xampp\\htdocs...')
#2 C:\xampp\htdocs\bulgogi\wp-content\plugins\wp-free-ssl\lib\classes\LEClient\LEClient.php(156): LEClient\LEAccount->__construct(Object(LEClient\LEConnector), false, Array, Array)
#3 C:\xampp\htdocs\bulgogi\wp-content\plugins\wp-free-ssl\lib\classes\wpssl_ssl.php(30): LEClient\LEClient->__construct(Array, false, false, 'C:\\xampp\\htdocs...')
#4 C:\xampp\htdocs\bulgogi\wp-content\plugins\wp-free-ssl\lib\classes\wpssl_ssl.php(39): WPSSL_SSL->getClient()
#5 C:\xampp\htdocs\bulgogi\wp-content\plugins\wp-free-ssl\wp-free-ssl.php(391): WPSSL_SSL->generateOrder()
#6 C:\xampp\htdocs\bulgogi\wp-includes\class-wp-hook.php(308): wpssl_ssl_order('')
#7 C:\xampp\htdocs\bulgogi\wp-includes\class-wp-hook.php(332): WP_Hook->apply_filters('', Array)
#8 C:\xampp\htdocs\bulgogi\wp-includes\plugin.php(517): WP_Hook->do_action(Array)
#9 C:\xampp\htdocs\bulgogi\wp-admin\admin-ajax.php(188): do_action('wp_ajax_wpssl_g...')
#10 {main}
  thrown in C:\xampp\htdocs\bulgogi\wp-content\plugins\wp-free-ssl\lib\classes\LEClient\Exceptions\LEFunctionsException.php on line 51

